2023-12-21T09:28:20.202+09:00  INFO 10320 --- [restartedMain] com.bs.firstboot.HelloBootApplication    : Starting HelloBootApplication using Java 17.0.8.1 with PID 10320 (E:\GDJ71\sharedata\framework\springboot\bootwork\HelloBoot\target\classes started by goodee in E:\GDJ71\sharedata\framework\springboot\bootwork\HelloBoot)
2023-12-21T09:28:20.203+09:00 DEBUG 10320 --- [restartedMain] com.bs.firstboot.HelloBootApplication    : Running with Spring Boot v3.2.0, Spring v6.1.1
2023-12-21T09:28:20.203+09:00  INFO 10320 --- [restartedMain] com.bs.firstboot.HelloBootApplication    : No active profile set, falling back to 1 default profile: "default"
2023-12-21T09:28:20.298+09:00  INFO 10320 --- [restartedMain] .s.d.r.c.RepositoryConfigurationDelegate : Bootstrapping Spring Data JDBC repositories in DEFAULT mode.
2023-12-21T09:28:20.301+09:00  INFO 10320 --- [restartedMain] .s.d.r.c.RepositoryConfigurationDelegate : Finished Spring Data repository scanning in 2 ms. Found 0 JDBC repository interfaces.
2023-12-21T09:28:20.352+09:00  INFO 10320 --- [restartedMain] o.s.b.w.embedded.tomcat.TomcatWebServer  : Tomcat initialized with port 9090 (http)
2023-12-21T09:28:20.352+09:00  INFO 10320 --- [restartedMain] o.apache.catalina.core.StandardService   : Starting service [Tomcat]
2023-12-21T09:28:20.352+09:00  INFO 10320 --- [restartedMain] o.apache.catalina.core.StandardEngine    : Starting Servlet engine: [Apache Tomcat/10.1.16]
2023-12-21T09:28:20.398+09:00  INFO 10320 --- [restartedMain] org.apache.jasper.servlet.TldScanner     : At least one JAR was scanned for TLDs yet contained no TLDs. Enable debug logging for this logger for a complete list of JARs that were scanned but no TLDs were found in them. Skipping unneeded JARs during scanning can improve startup time and JSP compilation time.
2023-12-21T09:28:20.401+09:00  INFO 10320 --- [restartedMain] o.a.c.c.C.[Tomcat].[localhost].[/]       : Initializing Spring embedded WebApplicationContext
2023-12-21T09:28:20.401+09:00  INFO 10320 --- [restartedMain] w.s.c.ServletWebServerApplicationContext : Root WebApplicationContext: initialization completed in 197 ms
2023-12-21T09:28:20.446+09:00  INFO 10320 --- [restartedMain] o.s.b.a.w.s.WelcomePageHandlerMapping    : Adding welcome page template: index
2023-12-21T09:28:20.489+09:00  INFO 10320 --- [restartedMain] com.zaxxer.hikari.HikariDataSource       : HikariPool-8 - Starting...
2023-12-21T09:28:20.489+09:00  WARN 10320 --- [restartedMain] c.zaxxer.hikari.util.DriverDataSource    : Registered driver with driverClassName=oracle.jdbc.driver.OracleDriver was not found, trying direct instantiation.
2023-12-21T09:28:20.534+09:00  INFO 10320 --- [restartedMain] com.zaxxer.hikari.pool.HikariPool        : HikariPool-8 - Added connection oracle.jdbc.driver.T4CConnection@5e02efed
2023-12-21T09:28:20.534+09:00  INFO 10320 --- [restartedMain] com.zaxxer.hikari.HikariDataSource       : HikariPool-8 - Start completed.
2023-12-21T09:28:20.545+09:00  INFO 10320 --- [restartedMain] o.s.b.d.a.OptionalLiveReloadServer       : LiveReload server is running on port 35729
2023-12-21T09:28:20.554+09:00  INFO 10320 --- [restartedMain] o.s.b.w.embedded.tomcat.TomcatWebServer  : Tomcat started on port 9090 (http) with context path ''
2023-12-21T09:28:20.557+09:00  INFO 10320 --- [restartedMain] com.bs.firstboot.HelloBootApplication    : Started HelloBootApplication in 0.387 seconds (process running for 972.066)
2023-12-21T09:28:20.558+09:00  INFO 10320 --- [restartedMain] .ConditionEvaluationDeltaLoggingListener : Condition evaluation unchanged
2023-12-21T09:35:41.444+09:00  INFO 10320 --- [File Watcher] rtingClassPathChangeChangedEventListener : Restarting due to 1 class path change (1 addition, 0 deletions, 0 modifications)
2023-12-21T09:35:41.451+09:00  INFO 10320 --- [Thread-33] com.zaxxer.hikari.HikariDataSource       : HikariPool-8 - Shutdown initiated...
2023-12-21T09:35:41.457+09:00  INFO 10320 --- [Thread-33] com.zaxxer.hikari.HikariDataSource       : HikariPool-8 - Shutdown completed.
